{"name": "test_allure", "status": "failed", "statusDetails": {"message": "AssertionError: assert 1 == 2\n  +1\n  -2", "trace": "def test_allure():\n        print(\"this is allure test\")\n>       assert 1 == 2\nE       assert 1 == 2\nE         +1\nE         -2\n\ntest_allure1.py:6: AssertionError"}, "start": 1598086006542, "stop": 1598086006542, "uuid": "626d4327-bc96-4f7d-8f00-80e8efe78f8c", "historyId": "caa1f8ee5974d082195afa76364a0c53", "testCaseId": "c867256cfb1e3f3387931123fd734492", "fullName": "allure.test_allure1#test_allure", "labels": [{"name": "parentSuite", "value": "allure"}, {"name": "suite", "value": "test_allure1"}, {"name": "host", "value": "DESKTOP-TIPOTAF"}, {"name": "thread", "value": "7400-MainThread"}, {"name": "framework", "value": "pytest"}, {"name": "language", "value": "cpython3"}, {"name": "package", "value": "allure.test_allure1"}]}